[1228 16:49:20 002 INFO ] [RMI TCP Connection(4)-127.0.0.1] web.context.ContextLoader - Root WebApplicationContext: initialization started
[1228 16:49:20 152 INFO ] [RMI TCP Connection(4)-127.0.0.1] context.support.XmlWebApplicationContext - Refreshing Root WebApplicationContext: startup date [Thu Dec 28 16:49:20 CST 2017]; root of context hierarchy
[1228 16:49:20 338 INFO ] [RMI TCP Connection(4)-127.0.0.1] factory.xml.XmlBeanDefinitionReader - Loading XML bean definitions from class path resource [spring.xml]
[1228 16:49:21 211 INFO ] [RMI TCP Connection(4)-127.0.0.1] factory.xml.XmlBeanDefinitionReader - Loading XML bean definitions from class path resource [spring-mybatis.xml]
[1228 16:49:21 735 DEBUG] [RMI TCP Connection(4)-127.0.0.1] spring.mapper.ClassPathMapperScanner - Identified candidate component class: file [D:\IDE\workspace-app\log4j2Project\target\MVNDemo\WEB-INF\classes\com\ynet\dao\UserinfoDao.class]
[1228 16:49:21 736 DEBUG] [RMI TCP Connection(4)-127.0.0.1] spring.mapper.ClassPathMapperScanner - Creating MapperFactoryBean with name 'userinfoDao' and 'com.ynet.dao.UserinfoDao' mapperInterface
[1228 16:49:21 773 INFO ] [RMI TCP Connection(4)-127.0.0.1] factory.config.PropertyPlaceholderConfigurer - Loading properties file from class path resource [jdbc.properties]
[1228 16:49:21 785 INFO ] [RMI TCP Connection(4)-127.0.0.1] factory.annotation.AutowiredAnnotationBeanPostProcessor - JSR-330 'javax.inject.Inject' annotation found and supported for autowiring
[1228 16:49:22 408 ERROR] [RMI TCP Connection(4)-127.0.0.1] druid.pool.DruidAbstractDataSource - maxIdle is deprecated
[1228 16:49:22 509 INFO ] [RMI TCP Connection(4)-127.0.0.1] druid.pool.DruidDataSource - {dataSource-1} inited
[1228 16:49:22 555 DEBUG] [RMI TCP Connection(4)-127.0.0.1] mybatis.spring.SqlSessionFactoryBean - Property `configuration` or 'configLocation' not specified, using default MyBatis Configuration
[1228 16:49:22 901 DEBUG] [RMI TCP Connection(4)-127.0.0.1] mybatis.spring.SqlSessionFactoryBean - Parsed mapper file: 'file [D:\IDE\workspace-app\log4j2Project\target\MVNDemo\WEB-INF\classes\com\ynet\mapping\UserinfoDao.xml]'
[1228 16:49:23 156 INFO ] [RMI TCP Connection(4)-127.0.0.1] web.context.ContextLoader - Root WebApplicationContext: initialization completed in 3146 ms
[1228 16:49:23 193 INFO ] [RMI TCP Connection(4)-127.0.0.1] web.servlet.DispatcherServlet - FrameworkServlet 'springMvc': initialization started
[1228 16:49:23 196 INFO ] [RMI TCP Connection(4)-127.0.0.1] context.support.XmlWebApplicationContext - Refreshing WebApplicationContext for namespace 'springMvc-servlet': startup date [Thu Dec 28 16:49:23 CST 2017]; parent: Root WebApplicationContext
[1228 16:49:23 196 INFO ] [RMI TCP Connection(4)-127.0.0.1] factory.xml.XmlBeanDefinitionReader - Loading XML bean definitions from class path resource [spring-mvc.xml]
[1228 16:49:23 529 INFO ] [RMI TCP Connection(4)-127.0.0.1] factory.annotation.AutowiredAnnotationBeanPostProcessor - JSR-330 'javax.inject.Inject' annotation found and supported for autowiring
[1228 16:49:23 868 INFO ] [RMI TCP Connection(4)-127.0.0.1] method.annotation.RequestMappingHandlerMapping - Mapped "{[/register]}" onto public java.util.Map<java.lang.Object, java.lang.Object> com.ynet.controller.MyController.register(javax.servlet.http.HttpServletRequest)
[1228 16:49:23 884 INFO ] [RMI TCP Connection(4)-127.0.0.1] method.annotation.RequestMappingHandlerMapping - Mapped "{[/login]}" onto public java.util.Map<java.lang.Object, java.lang.Object> com.ynet.controller.MyController.welcome(javax.servlet.http.HttpServletRequest)
[1228 16:49:23 887 INFO ] [RMI TCP Connection(4)-127.0.0.1] method.annotation.RequestMappingHandlerMapping - Mapped "{[/UserInfo]}" onto public java.util.Map<java.lang.Object, java.lang.Object> com.ynet.controller.MyController.UserInfo(javax.servlet.http.HttpServletRequest) throws com.ynet.util.OApiException
[1228 16:49:23 888 INFO ] [RMI TCP Connection(4)-127.0.0.1] method.annotation.RequestMappingHandlerMapping - Mapped "{[/Test]}" onto public java.util.Map<java.lang.Object, java.lang.Object> com.ynet.controller.MyController.Test(javax.servlet.http.HttpServletRequest) throws com.ynet.util.OApiException
[1228 16:49:23 891 INFO ] [RMI TCP Connection(4)-127.0.0.1] method.annotation.RequestMappingHandlerMapping - Mapped "{[/Wxlogin]}" onto public void com.ynet.controller.WxLoginController.Wxlogin(javax.servlet.http.HttpServletRequest,javax.servlet.http.HttpServletResponse) throws java.io.IOException
[1228 16:49:24 445 INFO ] [RMI TCP Connection(4)-127.0.0.1] method.annotation.RequestMappingHandlerAdapter - Looking for @ControllerAdvice: WebApplicationContext for namespace 'springMvc-servlet': startup date [Thu Dec 28 16:49:23 CST 2017]; parent: Root WebApplicationContext
[1228 16:49:24 554 INFO ] [RMI TCP Connection(4)-127.0.0.1] method.annotation.RequestMappingHandlerAdapter - Looking for @ControllerAdvice: WebApplicationContext for namespace 'springMvc-servlet': startup date [Thu Dec 28 16:49:23 CST 2017]; parent: Root WebApplicationContext
[1228 16:49:24 801 INFO ] [RMI TCP Connection(4)-127.0.0.1] web.servlet.DispatcherServlet - FrameworkServlet 'springMvc': initialization completed in 1608 ms
[1228 16:49:49 264 WARN ] [http-bio-8081-exec-8] web.servlet.PageNotFound - No mapping found for HTTP request with URI [/logTest/Test.do] in DispatcherServlet with name 'springMvc'
[1228 16:50:39 274 WARN ] [http-bio-8081-exec-4] web.servlet.PageNotFound - No mapping found for HTTP request with URI [/logTest/Test.do] in DispatcherServlet with name 'springMvc'
[1228 16:52:11 466 DEBUG] [http-bio-8081-exec-10] ynet.controller.MyController - 开始注册
[1228 16:52:11 466 DEBUG] [http-bio-8081-exec-10] ynet.controller.MyController - 用户名---111密码---222邮箱---333
[1228 16:52:11 481 DEBUG] [http-bio-8081-exec-10] mybatis.spring.SqlSessionUtils - Creating a new SqlSession
[1228 16:52:11 491 DEBUG] [http-bio-8081-exec-10] mybatis.spring.SqlSessionUtils - SqlSession [org.apache.ibatis.session.defaults.DefaultSqlSession@5017ff71] was not registered for synchronization because synchronization is not active
[1228 16:52:13 171 DEBUG] [http-bio-8081-exec-10] spring.transaction.SpringManagedTransaction - JDBC Connection [com.alibaba.druid.proxy.jdbc.ConnectionProxyImpl@11e24dc6] will not be managed by Spring
[1228 16:52:13 174 DEBUG] [http-bio-8081-exec-10] dao.UserinfoDao.insert - ooo Using Connection [com.alibaba.druid.proxy.jdbc.ConnectionProxyImpl@11e24dc6]
[1228 16:52:13 180 DEBUG] [http-bio-8081-exec-10] dao.UserinfoDao.insert - ==>  Preparing: insert into userinfo (userId, userName, password, createTime, remark) values (?, ?, ?, ?, ?) 
[1228 16:52:13 223 DEBUG] [http-bio-8081-exec-10] dao.UserinfoDao.insert - ==> Parameters: 4621af8763684220bded63183e5760b5(String), 111(String), 222(String), null, 333(String)
[1228 16:52:13 533 DEBUG] [http-bio-8081-exec-10] mybatis.spring.SqlSessionUtils - Closing non transactional SqlSession [org.apache.ibatis.session.defaults.DefaultSqlSession@5017ff71]
[1228 16:52:13 535 DEBUG] [http-bio-8081-exec-10] ynet.controller.MyController - {returnCode=000000, returnMsg=成功}
[1228 16:52:29 728 WARN ] [http-bio-8081-exec-10] web.servlet.PageNotFound - No mapping found for HTTP request with URI [/test.do] in DispatcherServlet with name 'springMvc'
[1228 16:52:36 877 DEBUG] [http-bio-8081-exec-10] ynet.controller.MyController - 开始测试
[1228 16:52:36 877 DEBUG] [http-bio-8081-exec-10] mybatis.spring.SqlSessionUtils - Creating a new SqlSession
[1228 16:52:36 878 DEBUG] [http-bio-8081-exec-10] mybatis.spring.SqlSessionUtils - SqlSession [org.apache.ibatis.session.defaults.DefaultSqlSession@65866d1c] was not registered for synchronization because synchronization is not active
[1228 16:52:36 879 DEBUG] [http-bio-8081-exec-10] spring.transaction.SpringManagedTransaction - JDBC Connection [com.alibaba.druid.proxy.jdbc.ConnectionProxyImpl@11e24dc6] will not be managed by Spring
[1228 16:52:36 879 DEBUG] [http-bio-8081-exec-10] dao.UserinfoDao.insert - ooo Using Connection [com.alibaba.druid.proxy.jdbc.ConnectionProxyImpl@11e24dc6]
[1228 16:52:36 880 DEBUG] [http-bio-8081-exec-10] dao.UserinfoDao.insert - ==>  Preparing: insert into userinfo (userId, userName, password, createTime, remark) values (?, ?, ?, ?, ?) 
[1228 16:52:36 881 DEBUG] [http-bio-8081-exec-10] dao.UserinfoDao.insert - ==> Parameters: aaa0(String), 成才意0(String), null, null, null
[1228 16:52:36 915 DEBUG] [http-bio-8081-exec-10] mybatis.spring.SqlSessionUtils - Closing non transactional SqlSession [org.apache.ibatis.session.defaults.DefaultSqlSession@65866d1c]
[1228 16:52:36 915 DEBUG] [http-bio-8081-exec-10] mybatis.spring.SqlSessionUtils - Creating a new SqlSession
[1228 16:52:36 916 DEBUG] [http-bio-8081-exec-10] mybatis.spring.SqlSessionUtils - SqlSession [org.apache.ibatis.session.defaults.DefaultSqlSession@2bfbcdda] was not registered for synchronization because synchronization is not active
[1228 16:52:36 917 DEBUG] [http-bio-8081-exec-10] spring.transaction.SpringManagedTransaction - JDBC Connection [com.alibaba.druid.proxy.jdbc.ConnectionProxyImpl@11e24dc6] will not be managed by Spring
[1228 16:52:36 917 DEBUG] [http-bio-8081-exec-10] dao.UserinfoDao.insert - ooo Using Connection [com.alibaba.druid.proxy.jdbc.ConnectionProxyImpl@11e24dc6]
[1228 16:52:36 918 DEBUG] [http-bio-8081-exec-10] dao.UserinfoDao.insert - ==>  Preparing: insert into userinfo (userId, userName, password, createTime, remark) values (?, ?, ?, ?, ?) 
[1228 16:52:36 919 DEBUG] [http-bio-8081-exec-10] dao.UserinfoDao.insert - ==> Parameters: aaa1(String), 成才意1(String), null, null, null
[1228 16:52:36 946 DEBUG] [http-bio-8081-exec-10] mybatis.spring.SqlSessionUtils - Closing non transactional SqlSession [org.apache.ibatis.session.defaults.DefaultSqlSession@2bfbcdda]
[1228 16:52:36 946 DEBUG] [http-bio-8081-exec-10] mybatis.spring.SqlSessionUtils - Creating a new SqlSession
[1228 16:52:36 947 DEBUG] [http-bio-8081-exec-10] mybatis.spring.SqlSessionUtils - SqlSession [org.apache.ibatis.session.defaults.DefaultSqlSession@7ed1ed92] was not registered for synchronization because synchronization is not active
[1228 16:52:36 948 DEBUG] [http-bio-8081-exec-10] spring.transaction.SpringManagedTransaction - JDBC Connection [com.alibaba.druid.proxy.jdbc.ConnectionProxyImpl@11e24dc6] will not be managed by Spring
[1228 16:52:36 948 DEBUG] [http-bio-8081-exec-10] dao.UserinfoDao.insert - ooo Using Connection [com.alibaba.druid.proxy.jdbc.ConnectionProxyImpl@11e24dc6]
[1228 16:52:36 948 DEBUG] [http-bio-8081-exec-10] dao.UserinfoDao.insert - ==>  Preparing: insert into userinfo (userId, userName, password, createTime, remark) values (?, ?, ?, ?, ?) 
[1228 16:52:36 949 DEBUG] [http-bio-8081-exec-10] dao.UserinfoDao.insert - ==> Parameters: aaa2(String), 成才意2(String), null, null, null
[1228 16:52:36 973 DEBUG] [http-bio-8081-exec-10] mybatis.spring.SqlSessionUtils - Closing non transactional SqlSession [org.apache.ibatis.session.defaults.DefaultSqlSession@7ed1ed92]
[1228 16:52:36 974 DEBUG] [http-bio-8081-exec-10] mybatis.spring.SqlSessionUtils - Creating a new SqlSession
[1228 16:52:36 974 DEBUG] [http-bio-8081-exec-10] mybatis.spring.SqlSessionUtils - SqlSession [org.apache.ibatis.session.defaults.DefaultSqlSession@7ec1e652] was not registered for synchronization because synchronization is not active
[1228 16:52:36 975 DEBUG] [http-bio-8081-exec-10] spring.transaction.SpringManagedTransaction - JDBC Connection [com.alibaba.druid.proxy.jdbc.ConnectionProxyImpl@11e24dc6] will not be managed by Spring
[1228 16:52:36 975 DEBUG] [http-bio-8081-exec-10] dao.UserinfoDao.insert - ooo Using Connection [com.alibaba.druid.proxy.jdbc.ConnectionProxyImpl@11e24dc6]
[1228 16:52:36 976 DEBUG] [http-bio-8081-exec-10] dao.UserinfoDao.insert - ==>  Preparing: insert into userinfo (userId, userName, password, createTime, remark) values (?, ?, ?, ?, ?) 
[1228 16:52:36 977 DEBUG] [http-bio-8081-exec-10] dao.UserinfoDao.insert - ==> Parameters: aaa3(String), 成才意3(String), null, null, null
[1228 16:52:36 995 DEBUG] [http-bio-8081-exec-10] mybatis.spring.SqlSessionUtils - Closing non transactional SqlSession [org.apache.ibatis.session.defaults.DefaultSqlSession@7ec1e652]
[1228 16:52:36 996 DEBUG] [http-bio-8081-exec-10] mybatis.spring.SqlSessionUtils - Creating a new SqlSession
[1228 16:52:36 996 DEBUG] [http-bio-8081-exec-10] mybatis.spring.SqlSessionUtils - SqlSession [org.apache.ibatis.session.defaults.DefaultSqlSession@7d80a4a2] was not registered for synchronization because synchronization is not active
[1228 16:52:36 997 DEBUG] [http-bio-8081-exec-10] spring.transaction.SpringManagedTransaction - JDBC Connection [com.alibaba.druid.proxy.jdbc.ConnectionProxyImpl@11e24dc6] will not be managed by Spring
[1228 16:52:36 997 DEBUG] [http-bio-8081-exec-10] dao.UserinfoDao.insert - ooo Using Connection [com.alibaba.druid.proxy.jdbc.ConnectionProxyImpl@11e24dc6]
[1228 16:52:36 997 DEBUG] [http-bio-8081-exec-10] dao.UserinfoDao.insert - ==>  Preparing: insert into userinfo (userId, userName, password, createTime, remark) values (?, ?, ?, ?, ?) 
[1228 16:52:36 998 DEBUG] [http-bio-8081-exec-10] dao.UserinfoDao.insert - ==> Parameters: aaa4(String), 成才意4(String), null, null, null
[1228 16:52:37 018 DEBUG] [http-bio-8081-exec-10] mybatis.spring.SqlSessionUtils - Closing non transactional SqlSession [org.apache.ibatis.session.defaults.DefaultSqlSession@7d80a4a2]
[1228 16:52:37 019 DEBUG] [http-bio-8081-exec-10] mybatis.spring.SqlSessionUtils - Creating a new SqlSession
[1228 16:52:37 019 DEBUG] [http-bio-8081-exec-10] mybatis.spring.SqlSessionUtils - SqlSession [org.apache.ibatis.session.defaults.DefaultSqlSession@7ee27ee6] was not registered for synchronization because synchronization is not active
[1228 16:52:37 019 DEBUG] [http-bio-8081-exec-10] spring.transaction.SpringManagedTransaction - JDBC Connection [com.alibaba.druid.proxy.jdbc.ConnectionProxyImpl@11e24dc6] will not be managed by Spring
[1228 16:52:37 020 DEBUG] [http-bio-8081-exec-10] dao.UserinfoDao.insert - ooo Using Connection [com.alibaba.druid.proxy.jdbc.ConnectionProxyImpl@11e24dc6]
[1228 16:52:37 020 DEBUG] [http-bio-8081-exec-10] dao.UserinfoDao.insert - ==>  Preparing: insert into userinfo (userId, userName, password, createTime, remark) values (?, ?, ?, ?, ?) 
[1228 16:52:37 021 DEBUG] [http-bio-8081-exec-10] dao.UserinfoDao.insert - ==> Parameters: aaa5(String), 成才意5(String), null, null, null
[1228 16:52:37 040 DEBUG] [http-bio-8081-exec-10] mybatis.spring.SqlSessionUtils - Closing non transactional SqlSession [org.apache.ibatis.session.defaults.DefaultSqlSession@7ee27ee6]
[1228 16:52:37 040 DEBUG] [http-bio-8081-exec-10] mybatis.spring.SqlSessionUtils - Creating a new SqlSession
[1228 16:52:37 041 DEBUG] [http-bio-8081-exec-10] mybatis.spring.SqlSessionUtils - SqlSession [org.apache.ibatis.session.defaults.DefaultSqlSession@7d5a76d3] was not registered for synchronization because synchronization is not active
[1228 16:52:37 041 DEBUG] [http-bio-8081-exec-10] spring.transaction.SpringManagedTransaction - JDBC Connection [com.alibaba.druid.proxy.jdbc.ConnectionProxyImpl@11e24dc6] will not be managed by Spring
[1228 16:52:37 041 DEBUG] [http-bio-8081-exec-10] dao.UserinfoDao.insert - ooo Using Connection [com.alibaba.druid.proxy.jdbc.ConnectionProxyImpl@11e24dc6]
[1228 16:52:37 042 DEBUG] [http-bio-8081-exec-10] dao.UserinfoDao.insert - ==>  Preparing: insert into userinfo (userId, userName, password, createTime, remark) values (?, ?, ?, ?, ?) 
[1228 16:52:37 043 DEBUG] [http-bio-8081-exec-10] dao.UserinfoDao.insert - ==> Parameters: aaa6(String), 成才意6(String), null, null, null
[1228 16:52:37 063 DEBUG] [http-bio-8081-exec-10] mybatis.spring.SqlSessionUtils - Closing non transactional SqlSession [org.apache.ibatis.session.defaults.DefaultSqlSession@7d5a76d3]
[1228 16:52:37 063 DEBUG] [http-bio-8081-exec-10] mybatis.spring.SqlSessionUtils - Creating a new SqlSession
[1228 16:52:37 064 DEBUG] [http-bio-8081-exec-10] mybatis.spring.SqlSessionUtils - SqlSession [org.apache.ibatis.session.defaults.DefaultSqlSession@79113695] was not registered for synchronization because synchronization is not active
[1228 16:52:37 065 DEBUG] [http-bio-8081-exec-10] spring.transaction.SpringManagedTransaction - JDBC Connection [com.alibaba.druid.proxy.jdbc.ConnectionProxyImpl@11e24dc6] will not be managed by Spring
[1228 16:52:37 065 DEBUG] [http-bio-8081-exec-10] dao.UserinfoDao.insert - ooo Using Connection [com.alibaba.druid.proxy.jdbc.ConnectionProxyImpl@11e24dc6]
[1228 16:52:37 065 DEBUG] [http-bio-8081-exec-10] dao.UserinfoDao.insert - ==>  Preparing: insert into userinfo (userId, userName, password, createTime, remark) values (?, ?, ?, ?, ?) 
[1228 16:52:37 067 DEBUG] [http-bio-8081-exec-10] dao.UserinfoDao.insert - ==> Parameters: aaa7(String), 成才意7(String), null, null, null
[1228 16:52:37 084 DEBUG] [http-bio-8081-exec-10] mybatis.spring.SqlSessionUtils - Closing non transactional SqlSession [org.apache.ibatis.session.defaults.DefaultSqlSession@79113695]
[1228 16:52:37 085 DEBUG] [http-bio-8081-exec-10] mybatis.spring.SqlSessionUtils - Creating a new SqlSession
[1228 16:52:37 085 DEBUG] [http-bio-8081-exec-10] mybatis.spring.SqlSessionUtils - SqlSession [org.apache.ibatis.session.defaults.DefaultSqlSession@70410355] was not registered for synchronization because synchronization is not active
[1228 16:52:37 086 DEBUG] [http-bio-8081-exec-10] spring.transaction.SpringManagedTransaction - JDBC Connection [com.alibaba.druid.proxy.jdbc.ConnectionProxyImpl@11e24dc6] will not be managed by Spring
[1228 16:52:37 086 DEBUG] [http-bio-8081-exec-10] dao.UserinfoDao.insert - ooo Using Connection [com.alibaba.druid.proxy.jdbc.ConnectionProxyImpl@11e24dc6]
[1228 16:52:37 087 DEBUG] [http-bio-8081-exec-10] dao.UserinfoDao.insert - ==>  Preparing: insert into userinfo (userId, userName, password, createTime, remark) values (?, ?, ?, ?, ?) 
[1228 16:52:37 088 DEBUG] [http-bio-8081-exec-10] dao.UserinfoDao.insert - ==> Parameters: aaa8(String), 成才意8(String), null, null, null
[1228 16:52:37 107 DEBUG] [http-bio-8081-exec-10] mybatis.spring.SqlSessionUtils - Closing non transactional SqlSession [org.apache.ibatis.session.defaults.DefaultSqlSession@70410355]
[1228 16:52:37 108 DEBUG] [http-bio-8081-exec-10] mybatis.spring.SqlSessionUtils - Creating a new SqlSession
[1228 16:52:37 108 DEBUG] [http-bio-8081-exec-10] mybatis.spring.SqlSessionUtils - SqlSession [org.apache.ibatis.session.defaults.DefaultSqlSession@6bedc615] was not registered for synchronization because synchronization is not active
[1228 16:52:37 110 DEBUG] [http-bio-8081-exec-10] spring.transaction.SpringManagedTransaction - JDBC Connection [com.alibaba.druid.proxy.jdbc.ConnectionProxyImpl@11e24dc6] will not be managed by Spring
[1228 16:52:37 110 DEBUG] [http-bio-8081-exec-10] dao.UserinfoDao.insert - ooo Using Connection [com.alibaba.druid.proxy.jdbc.ConnectionProxyImpl@11e24dc6]
[1228 16:52:37 111 DEBUG] [http-bio-8081-exec-10] dao.UserinfoDao.insert - ==>  Preparing: insert into userinfo (userId, userName, password, createTime, remark) values (?, ?, ?, ?, ?) 
[1228 16:52:37 112 DEBUG] [http-bio-8081-exec-10] dao.UserinfoDao.insert - ==> Parameters: aaa9(String), 成才意9(String), null, null, null
[1228 16:52:37 129 DEBUG] [http-bio-8081-exec-10] mybatis.spring.SqlSessionUtils - Closing non transactional SqlSession [org.apache.ibatis.session.defaults.DefaultSqlSession@6bedc615]
[1228 16:52:37 129 DEBUG] [http-bio-8081-exec-10] mybatis.spring.SqlSessionUtils - Creating a new SqlSession
[1228 16:52:37 129 DEBUG] [http-bio-8081-exec-10] mybatis.spring.SqlSessionUtils - SqlSession [org.apache.ibatis.session.defaults.DefaultSqlSession@833380d] was not registered for synchronization because synchronization is not active
[1228 16:52:37 130 DEBUG] [http-bio-8081-exec-10] spring.transaction.SpringManagedTransaction - JDBC Connection [com.alibaba.druid.proxy.jdbc.ConnectionProxyImpl@11e24dc6] will not be managed by Spring
[1228 16:52:37 130 DEBUG] [http-bio-8081-exec-10] dao.UserinfoDao.insert - ooo Using Connection [com.alibaba.druid.proxy.jdbc.ConnectionProxyImpl@11e24dc6]
[1228 16:52:37 130 DEBUG] [http-bio-8081-exec-10] dao.UserinfoDao.insert - ==>  Preparing: insert into userinfo (userId, userName, password, createTime, remark) values (?, ?, ?, ?, ?) 
[1228 16:52:37 131 DEBUG] [http-bio-8081-exec-10] dao.UserinfoDao.insert - ==> Parameters: bbb0(String), 大酷子0(String), null, null, null
[1228 16:52:37 151 DEBUG] [http-bio-8081-exec-10] mybatis.spring.SqlSessionUtils - Closing non transactional SqlSession [org.apache.ibatis.session.defaults.DefaultSqlSession@833380d]
[1228 16:52:37 152 DEBUG] [http-bio-8081-exec-10] mybatis.spring.SqlSessionUtils - Creating a new SqlSession
[1228 16:52:37 152 DEBUG] [http-bio-8081-exec-10] mybatis.spring.SqlSessionUtils - SqlSession [org.apache.ibatis.session.defaults.DefaultSqlSession@54906d5b] was not registered for synchronization because synchronization is not active
[1228 16:52:37 153 DEBUG] [http-bio-8081-exec-10] spring.transaction.SpringManagedTransaction - JDBC Connection [com.alibaba.druid.proxy.jdbc.ConnectionProxyImpl@11e24dc6] will not be managed by Spring
[1228 16:52:37 153 DEBUG] [http-bio-8081-exec-10] dao.UserinfoDao.insert - ooo Using Connection [com.alibaba.druid.proxy.jdbc.ConnectionProxyImpl@11e24dc6]
[1228 16:52:37 153 DEBUG] [http-bio-8081-exec-10] dao.UserinfoDao.insert - ==>  Preparing: insert into userinfo (userId, userName, password, createTime, remark) values (?, ?, ?, ?, ?) 
[1228 16:52:37 155 DEBUG] [http-bio-8081-exec-10] dao.UserinfoDao.insert - ==> Parameters: bbb1(String), 大酷子1(String), null, null, null
[1228 16:52:37 174 DEBUG] [http-bio-8081-exec-10] mybatis.spring.SqlSessionUtils - Closing non transactional SqlSession [org.apache.ibatis.session.defaults.DefaultSqlSession@54906d5b]
[1228 16:52:37 174 DEBUG] [http-bio-8081-exec-10] mybatis.spring.SqlSessionUtils - Creating a new SqlSession
[1228 16:52:37 174 DEBUG] [http-bio-8081-exec-10] mybatis.spring.SqlSessionUtils - SqlSession [org.apache.ibatis.session.defaults.DefaultSqlSession@76fc27d4] was not registered for synchronization because synchronization is not active
[1228 16:52:37 175 DEBUG] [http-bio-8081-exec-10] spring.transaction.SpringManagedTransaction - JDBC Connection [com.alibaba.druid.proxy.jdbc.ConnectionProxyImpl@11e24dc6] will not be managed by Spring
[1228 16:52:37 176 DEBUG] [http-bio-8081-exec-10] dao.UserinfoDao.insert - ooo Using Connection [com.alibaba.druid.proxy.jdbc.ConnectionProxyImpl@11e24dc6]
[1228 16:52:37 176 DEBUG] [http-bio-8081-exec-10] dao.UserinfoDao.insert - ==>  Preparing: insert into userinfo (userId, userName, password, createTime, remark) values (?, ?, ?, ?, ?) 
[1228 16:52:37 177 DEBUG] [http-bio-8081-exec-10] dao.UserinfoDao.insert - ==> Parameters: bbb2(String), 大酷子2(String), null, null, null
[1228 16:52:37 196 DEBUG] [http-bio-8081-exec-10] mybatis.spring.SqlSessionUtils - Closing non transactional SqlSession [org.apache.ibatis.session.defaults.DefaultSqlSession@76fc27d4]
[1228 16:52:37 196 DEBUG] [http-bio-8081-exec-10] mybatis.spring.SqlSessionUtils - Creating a new SqlSession
[1228 16:52:37 197 DEBUG] [http-bio-8081-exec-10] mybatis.spring.SqlSessionUtils - SqlSession [org.apache.ibatis.session.defaults.DefaultSqlSession@18f40dc1] was not registered for synchronization because synchronization is not active
[1228 16:52:37 197 DEBUG] [http-bio-8081-exec-10] spring.transaction.SpringManagedTransaction - JDBC Connection [com.alibaba.druid.proxy.jdbc.ConnectionProxyImpl@11e24dc6] will not be managed by Spring
[1228 16:52:37 197 DEBUG] [http-bio-8081-exec-10] dao.UserinfoDao.insert - ooo Using Connection [com.alibaba.druid.proxy.jdbc.ConnectionProxyImpl@11e24dc6]
[1228 16:52:37 198 DEBUG] [http-bio-8081-exec-10] dao.UserinfoDao.insert - ==>  Preparing: insert into userinfo (userId, userName, password, createTime, remark) values (?, ?, ?, ?, ?) 
[1228 16:52:37 199 DEBUG] [http-bio-8081-exec-10] dao.UserinfoDao.insert - ==> Parameters: bbb3(String), 大酷子3(String), null, null, null
[1228 16:52:37 218 DEBUG] [http-bio-8081-exec-10] mybatis.spring.SqlSessionUtils - Closing non transactional SqlSession [org.apache.ibatis.session.defaults.DefaultSqlSession@18f40dc1]
[1228 16:52:37 218 DEBUG] [http-bio-8081-exec-10] mybatis.spring.SqlSessionUtils - Creating a new SqlSession
[1228 16:52:37 219 DEBUG] [http-bio-8081-exec-10] mybatis.spring.SqlSessionUtils - SqlSession [org.apache.ibatis.session.defaults.DefaultSqlSession@15004b84] was not registered for synchronization because synchronization is not active
[1228 16:52:37 220 DEBUG] [http-bio-8081-exec-10] spring.transaction.SpringManagedTransaction - JDBC Connection [com.alibaba.druid.proxy.jdbc.ConnectionProxyImpl@11e24dc6] will not be managed by Spring
[1228 16:52:37 220 DEBUG] [http-bio-8081-exec-10] dao.UserinfoDao.insert - ooo Using Connection [com.alibaba.druid.proxy.jdbc.ConnectionProxyImpl@11e24dc6]
[1228 16:52:37 221 DEBUG] [http-bio-8081-exec-10] dao.UserinfoDao.insert - ==>  Preparing: insert into userinfo (userId, userName, password, createTime, remark) values (?, ?, ?, ?, ?) 
[1228 16:52:37 224 DEBUG] [http-bio-8081-exec-10] dao.UserinfoDao.insert - ==> Parameters: bbb4(String), 大酷子4(String), null, null, null
[1228 16:52:37 241 DEBUG] [http-bio-8081-exec-10] mybatis.spring.SqlSessionUtils - Closing non transactional SqlSession [org.apache.ibatis.session.defaults.DefaultSqlSession@15004b84]
[1228 16:52:37 242 DEBUG] [http-bio-8081-exec-10] mybatis.spring.SqlSessionUtils - Creating a new SqlSession
[1228 16:52:37 242 DEBUG] [http-bio-8081-exec-10] mybatis.spring.SqlSessionUtils - SqlSession [org.apache.ibatis.session.defaults.DefaultSqlSession@3d7b0326] was not registered for synchronization because synchronization is not active
[1228 16:52:37 243 DEBUG] [http-bio-8081-exec-10] spring.transaction.SpringManagedTransaction - JDBC Connection [com.alibaba.druid.proxy.jdbc.ConnectionProxyImpl@11e24dc6] will not be managed by Spring
[1228 16:52:37 244 DEBUG] [http-bio-8081-exec-10] dao.UserinfoDao.insert - ooo Using Connection [com.alibaba.druid.proxy.jdbc.ConnectionProxyImpl@11e24dc6]
[1228 16:52:37 244 DEBUG] [http-bio-8081-exec-10] dao.UserinfoDao.insert - ==>  Preparing: insert into userinfo (userId, userName, password, createTime, remark) values (?, ?, ?, ?, ?) 
[1228 16:52:37 245 DEBUG] [http-bio-8081-exec-10] dao.UserinfoDao.insert - ==> Parameters: bbb5(String), 大酷子5(String), null, null, null
[1228 16:52:37 262 DEBUG] [http-bio-8081-exec-10] mybatis.spring.SqlSessionUtils - Closing non transactional SqlSession [org.apache.ibatis.session.defaults.DefaultSqlSession@3d7b0326]
[1228 16:52:37 263 DEBUG] [http-bio-8081-exec-10] mybatis.spring.SqlSessionUtils - Creating a new SqlSession
[1228 16:52:37 264 DEBUG] [http-bio-8081-exec-10] mybatis.spring.SqlSessionUtils - SqlSession [org.apache.ibatis.session.defaults.DefaultSqlSession@7201ae76] was not registered for synchronization because synchronization is not active
[1228 16:52:37 265 DEBUG] [http-bio-8081-exec-10] spring.transaction.SpringManagedTransaction - JDBC Connection [com.alibaba.druid.proxy.jdbc.ConnectionProxyImpl@11e24dc6] will not be managed by Spring
[1228 16:52:37 265 DEBUG] [http-bio-8081-exec-10] dao.UserinfoDao.insert - ooo Using Connection [com.alibaba.druid.proxy.jdbc.ConnectionProxyImpl@11e24dc6]
[1228 16:52:37 266 DEBUG] [http-bio-8081-exec-10] dao.UserinfoDao.insert - ==>  Preparing: insert into userinfo (userId, userName, password, createTime, remark) values (?, ?, ?, ?, ?) 
[1228 16:52:37 267 DEBUG] [http-bio-8081-exec-10] dao.UserinfoDao.insert - ==> Parameters: bbb6(String), 大酷子6(String), null, null, null
[1228 16:52:37 296 DEBUG] [http-bio-8081-exec-10] mybatis.spring.SqlSessionUtils - Closing non transactional SqlSession [org.apache.ibatis.session.defaults.DefaultSqlSession@7201ae76]
[1228 16:52:37 297 DEBUG] [http-bio-8081-exec-10] mybatis.spring.SqlSessionUtils - Creating a new SqlSession
[1228 16:52:37 297 DEBUG] [http-bio-8081-exec-10] mybatis.spring.SqlSessionUtils - SqlSession [org.apache.ibatis.session.defaults.DefaultSqlSession@1123053a] was not registered for synchronization because synchronization is not active
[1228 16:52:37 298 DEBUG] [http-bio-8081-exec-10] spring.transaction.SpringManagedTransaction - JDBC Connection [com.alibaba.druid.proxy.jdbc.ConnectionProxyImpl@11e24dc6] will not be managed by Spring
[1228 16:52:37 299 DEBUG] [http-bio-8081-exec-10] dao.UserinfoDao.insert - ooo Using Connection [com.alibaba.druid.proxy.jdbc.ConnectionProxyImpl@11e24dc6]
[1228 16:52:37 299 DEBUG] [http-bio-8081-exec-10] dao.UserinfoDao.insert - ==>  Preparing: insert into userinfo (userId, userName, password, createTime, remark) values (?, ?, ?, ?, ?) 
[1228 16:52:37 301 DEBUG] [http-bio-8081-exec-10] dao.UserinfoDao.insert - ==> Parameters: bbb7(String), 大酷子7(String), null, null, null
[1228 16:52:37 318 DEBUG] [http-bio-8081-exec-10] mybatis.spring.SqlSessionUtils - Closing non transactional SqlSession [org.apache.ibatis.session.defaults.DefaultSqlSession@1123053a]
[1228 16:52:37 318 DEBUG] [http-bio-8081-exec-10] mybatis.spring.SqlSessionUtils - Creating a new SqlSession
[1228 16:52:37 319 DEBUG] [http-bio-8081-exec-10] mybatis.spring.SqlSessionUtils - SqlSession [org.apache.ibatis.session.defaults.DefaultSqlSession@179b414b] was not registered for synchronization because synchronization is not active
[1228 16:52:37 319 DEBUG] [http-bio-8081-exec-10] spring.transaction.SpringManagedTransaction - JDBC Connection [com.alibaba.druid.proxy.jdbc.ConnectionProxyImpl@11e24dc6] will not be managed by Spring
[1228 16:52:37 319 DEBUG] [http-bio-8081-exec-10] dao.UserinfoDao.insert - ooo Using Connection [com.alibaba.druid.proxy.jdbc.ConnectionProxyImpl@11e24dc6]
[1228 16:52:37 320 DEBUG] [http-bio-8081-exec-10] dao.UserinfoDao.insert - ==>  Preparing: insert into userinfo (userId, userName, password, createTime, remark) values (?, ?, ?, ?, ?) 
[1228 16:52:37 320 DEBUG] [http-bio-8081-exec-10] dao.UserinfoDao.insert - ==> Parameters: bbb8(String), 大酷子8(String), null, null, null
[1228 16:52:37 341 DEBUG] [http-bio-8081-exec-10] mybatis.spring.SqlSessionUtils - Closing non transactional SqlSession [org.apache.ibatis.session.defaults.DefaultSqlSession@179b414b]
[1228 16:52:37 341 DEBUG] [http-bio-8081-exec-10] mybatis.spring.SqlSessionUtils - Creating a new SqlSession
[1228 16:52:37 341 DEBUG] [http-bio-8081-exec-10] mybatis.spring.SqlSessionUtils - SqlSession [org.apache.ibatis.session.defaults.DefaultSqlSession@30ec0d63] was not registered for synchronization because synchronization is not active
[1228 16:52:37 344 DEBUG] [http-bio-8081-exec-10] spring.transaction.SpringManagedTransaction - JDBC Connection [com.alibaba.druid.proxy.jdbc.ConnectionProxyImpl@11e24dc6] will not be managed by Spring
[1228 16:52:37 344 DEBUG] [http-bio-8081-exec-10] dao.UserinfoDao.insert - ooo Using Connection [com.alibaba.druid.proxy.jdbc.ConnectionProxyImpl@11e24dc6]
[1228 16:52:37 345 DEBUG] [http-bio-8081-exec-10] dao.UserinfoDao.insert - ==>  Preparing: insert into userinfo (userId, userName, password, createTime, remark) values (?, ?, ?, ?, ?) 
[1228 16:52:37 346 DEBUG] [http-bio-8081-exec-10] dao.UserinfoDao.insert - ==> Parameters: bbb9(String), 大酷子9(String), null, null, null
[1228 16:52:37 363 DEBUG] [http-bio-8081-exec-10] mybatis.spring.SqlSessionUtils - Closing non transactional SqlSession [org.apache.ibatis.session.defaults.DefaultSqlSession@30ec0d63]
[1228 16:52:37 363 DEBUG] [http-bio-8081-exec-10] ynet.controller.MyController - {returnCode=000000, returnMsg=成功}
[1228 17:16:01 354 INFO ] [localhost-startStop-2] context.support.XmlWebApplicationContext - Closing WebApplicationContext for namespace 'springMvc-servlet': startup date [Thu Dec 28 16:49:23 CST 2017]; parent: Root WebApplicationContext
[1228 17:16:01 365 INFO ] [localhost-startStop-2] context.support.XmlWebApplicationContext - Closing Root WebApplicationContext: startup date [Thu Dec 28 16:49:20 CST 2017]; root of context hierarchy
[1228 17:16:01 419 INFO ] [localhost-startStop-2] druid.pool.DruidDataSource - {dataSource-1} closed
